<?xml version="1.0" encoding="UTF-8"?>
<!-- Generated by org.testng.reporters.JUnitXMLReporter -->
<testsuite hostname="DESKTOP-93N2GVP" ignored="0" name="Default test" tests="4" failures="0" timestamp="23 Oct 2018 13:14:24 GMT" time="120.478" errors="0">
  <testcase name="createAccountTest" time="45.16" classname="com.ariat.Tests.CreateAcountTest"/>
  <testcase name="returningCustomerTest" time="26.797" classname="com.ariat.Tests.CreateAcountTest"/>
  <testcase name="checkOrderTest" time="21.546" classname="com.ariat.Tests.CreateAcountTest"/>
  <testcase name="forgotPasswordTest" time="21.448" classname="com.ariat.Tests.CreateAcountTest"/>
</testsuite> <!-- Default test -->
