<?xml version="1.0" encoding="UTF-8"?>
<testng-results skipped="0" failed="0" ignored="0" total="1" passed="1">
  <reporter-output>
  </reporter-output>
  <suite name="Default suite" duration-ms="27619" started-at="2018-10-23T10:11:59Z" finished-at="2018-10-23T10:12:26Z">
    <groups>
    </groups>
    <test name="Default test" duration-ms="27619" started-at="2018-10-23T10:11:59Z" finished-at="2018-10-23T10:12:26Z">
      <class name="com.ariat.Tests.LogoutTest">
        <test-method status="PASS" signature="setUp()[pri:0, instance:com.ariat.Tests.LogoutTest@3d0f8e03]" name="setUp" is-config="true" duration-ms="2301" started-at="2018-10-23T10:11:59Z" finished-at="2018-10-23T10:12:01Z">
          <reporter-output>
          </reporter-output>
        </test-method> <!-- setUp -->
        <test-method status="PASS" signature="logoutTest()[pri:0, instance:com.ariat.Tests.LogoutTest@3d0f8e03]" name="logoutTest" duration-ms="25303" started-at="2018-10-23T10:12:01Z" finished-at="2018-10-23T10:12:26Z">
          <reporter-output>
          </reporter-output>
        </test-method> <!-- logoutTest -->
      </class> <!-- com.ariat.Tests.LogoutTest -->
    </test> <!-- Default test -->
  </suite> <!-- Default suite -->
</testng-results>
