<?xml version="1.0" encoding="UTF-8"?>
<testng-results skipped="0" failed="0" ignored="0" total="4" passed="4">
  <reporter-output>
  </reporter-output>
  <suite name="Default suite" duration-ms="120478" started-at="2018-10-23T13:12:23Z" finished-at="2018-10-23T13:14:24Z">
    <groups>
    </groups>
    <test name="Default test" duration-ms="120478" started-at="2018-10-23T13:12:23Z" finished-at="2018-10-23T13:14:24Z">
      <class name="com.ariat.Tests.CreateAcountTest">
        <test-method status="PASS" signature="setUp()[pri:0, instance:com.ariat.Tests.CreateAcountTest@27fe3806]" name="setUp" is-config="true" duration-ms="1479" started-at="2018-10-23T13:12:23Z" finished-at="2018-10-23T13:12:25Z">
          <reporter-output>
          </reporter-output>
        </test-method> <!-- setUp -->
        <test-method status="PASS" signature="createAccountTest()[pri:0, instance:com.ariat.Tests.CreateAcountTest@27fe3806]" name="createAccountTest" duration-ms="45160" started-at="2018-10-23T13:12:25Z" finished-at="2018-10-23T13:13:10Z">
          <reporter-output>
          </reporter-output>
        </test-method> <!-- createAccountTest -->
        <test-method status="PASS" signature="tearDown()[pri:0, instance:com.ariat.Tests.CreateAcountTest@27fe3806]" name="tearDown" is-config="true" duration-ms="1063" started-at="2018-10-23T13:13:10Z" finished-at="2018-10-23T13:13:11Z">
          <reporter-output>
          </reporter-output>
        </test-method> <!-- tearDown -->
        <test-method status="PASS" signature="returningCustomerTest()[pri:1, instance:com.ariat.Tests.CreateAcountTest@27fe3806]" name="returningCustomerTest" duration-ms="26797" started-at="2018-10-23T13:13:11Z" finished-at="2018-10-23T13:13:38Z">
          <reporter-output>
          </reporter-output>
        </test-method> <!-- returningCustomerTest -->
        <test-method status="PASS" signature="tearDown()[pri:0, instance:com.ariat.Tests.CreateAcountTest@27fe3806]" name="tearDown" is-config="true" duration-ms="962" started-at="2018-10-23T13:13:38Z" finished-at="2018-10-23T13:13:39Z">
          <reporter-output>
          </reporter-output>
        </test-method> <!-- tearDown -->
        <test-method status="PASS" signature="checkOrderTest()[pri:2, instance:com.ariat.Tests.CreateAcountTest@27fe3806]" name="checkOrderTest" duration-ms="21546" started-at="2018-10-23T13:13:39Z" finished-at="2018-10-23T13:14:00Z">
          <reporter-output>
          </reporter-output>
        </test-method> <!-- checkOrderTest -->
        <test-method status="PASS" signature="tearDown()[pri:0, instance:com.ariat.Tests.CreateAcountTest@27fe3806]" name="tearDown" is-config="true" duration-ms="997" started-at="2018-10-23T13:14:00Z" finished-at="2018-10-23T13:14:01Z">
          <reporter-output>
          </reporter-output>
        </test-method> <!-- tearDown -->
        <test-method status="PASS" signature="forgotPasswordTest()[pri:3, instance:com.ariat.Tests.CreateAcountTest@27fe3806]" name="forgotPasswordTest" duration-ms="21448" started-at="2018-10-23T13:14:01Z" finished-at="2018-10-23T13:14:23Z">
          <reporter-output>
          </reporter-output>
        </test-method> <!-- forgotPasswordTest -->
        <test-method status="PASS" signature="tearDown()[pri:0, instance:com.ariat.Tests.CreateAcountTest@27fe3806]" name="tearDown" is-config="true" duration-ms="1004" started-at="2018-10-23T13:14:23Z" finished-at="2018-10-23T13:14:24Z">
          <reporter-output>
          </reporter-output>
        </test-method> <!-- tearDown -->
      </class> <!-- com.ariat.Tests.CreateAcountTest -->
    </test> <!-- Default test -->
  </suite> <!-- Default suite -->
</testng-results>
